#
# A fatal error has been detected by the Java Runtime Environment:
#
#  Internal Error (classFileParser.cpp:3494), pid=4952, tid=7780
#  Error: ShouldNotReachHere()
#
# JRE version: 6.0_27-b07
# Java VM: Java HotSpot(TM) Client VM (20.2-b06 mixed mode windows-x86 )
# If you would like to submit a bug report, please visit:
#   http://java.sun.com/webapps/bugreport/crash.jsp
#

---------------  T H R E A D  ---------------

Current thread (0x01409c00):  JavaThread "Unknown thread" [_thread_in_vm, id=7780, stack(0x017c0000,0x01810000)]

Stack: [0x017c0000,0x01810000],  sp=0x0180f86c,  free space=318k
Native frames: (J=compiled Java code, j=interpreted, Vv=VM code, C=native code)
V  [jvm.dll+0x1335ba]
V  [jvm.dll+0x12e56b]
V  [jvm.dll+0x1639e]
V  [jvm.dll+0x17bdf]
V  [jvm.dll+0x26cc5]
V  [jvm.dll+0x27506]
V  [jvm.dll+0x278b5]
V  [jvm.dll+0x27949]
V  [jvm.dll+0x27a0c]
V  [jvm.dll+0x27a8a]
V  [jvm.dll+0x27b6d]
V  [jvm.dll+0x27e39]
V  [jvm.dll+0x6c383]
V  [jvm.dll+0x6c75c]
V  [jvm.dll+0xf9b4c]
V  [jvm.dll+0x11848b]
V  [jvm.dll+0x9eb60]
C  [javaw.exe+0x1657]
C  [javaw.exe+0x1e2c]
C  [javaw.exe+0x8614]
C  [kernel32.dll+0x4d0e9]  BaseThreadInitThunk+0x12
C  [ntdll.dll+0x41603]  RtlInitializeExceptionChain+0x63
C  [ntdll.dll+0x415d6]  RtlInitializeExceptionChain+0x36


---------------  P R O C E S S  ---------------

Java Threads: ( => current thread )

Other Threads:

=>0x01409c00 (exited) JavaThread "Unknown thread" [_thread_in_vm, id=7780, stack(0x017c0000,0x01810000)]

VM state:not at safepoint (not fully initialized)

VM Mutex/Monitor currently owned by a thread: None

Dynamic libraries:
0x00400000 - 0x00424000 	C:\Program Files\Java\jre6\bin\javaw.exe
0x77670000 - 0x77798000 	C:\Windows\system32\ntdll.dll
0x76f00000 - 0x76fdc000 	C:\Windows\system32\kernel32.dll
0x775a0000 - 0x77666000 	C:\Windows\system32\ADVAPI32.dll
0x774c0000 - 0x77583000 	C:\Windows\system32\RPCRT4.dll
0x76fe0000 - 0x7707d000 	C:\Windows\system32\USER32.dll
0x77100000 - 0x7714b000 	C:\Windows\system32\GDI32.dll
0x76a80000 - 0x76a9e000 	C:\Windows\system32\IMM32.DLL
0x773f0000 - 0x774b8000 	C:\Windows\system32\MSCTF.dll
0x76b20000 - 0x76bca000 	C:\Windows\system32\msvcrt.dll
0x76c60000 - 0x76c69000 	C:\Windows\system32\LPK.DLL
0x77080000 - 0x770fd000 	C:\Windows\system32\USP10.dll
0x75ce0000 - 0x75d1a000 	C:\PROGRA~1\Citrix\system32\radeaphook.dll
0x75ac0000 - 0x75b6f000 	C:\PROGRA~1\Citrix\system32\ctxsbxhook.dll
0x75d50000 - 0x75d58000 	C:\Windows\system32\VERSION.dll
0x75890000 - 0x75ab7000 	C:\Windows\system32\msi.dll
0x76da0000 - 0x76ee5000 	C:\Windows\system32\ole32.dll
0x7c340000 - 0x7c396000 	C:\Program Files\Java\jre6\bin\msvcr71.dll
0x6d7f0000 - 0x6da9f000 	C:\Program Files\Java\jre6\bin\client\jvm.dll
0x74c20000 - 0x74c52000 	C:\Windows\system32\WINMM.dll
0x777a0000 - 0x7782d000 	C:\Windows\system32\OLEAUT32.dll
0x74690000 - 0x746ce000 	C:\Windows\system32\OLEACC.dll
0x75c80000 - 0x75cac000 	C:\Windows\system32\apphelp.dll
0x6d7a0000 - 0x6d7ac000 	C:\Program Files\Java\jre6\bin\verify.dll
0x6d320000 - 0x6d33f000 	C:\Program Files\Java\jre6\bin\java.dll
0x6d7e0000 - 0x6d7ef000 	C:\Program Files\Java\jre6\bin\zip.dll
0x75e30000 - 0x75e37000 	C:\Windows\system32\PSAPI.DLL

VM Arguments:
jvm_args: -Dfile.encoding=Cp1252 -Xbootclasspath:C:\Users\etkvadi\AppData\Local\Android\android-sdk\platforms\android-17\android.jar 
java_command: org.eclipse.jdt.internal.junit.runner.RemoteTestRunner -version 3 -port 61392 -testLoaderClass org.eclipse.jdt.internal.junit4.runner.JUnit4TestLoader -loaderpluginname org.eclipse.jdt.junit4.runtime -classNames com.tornyak.planningpoker.test.TestDeck
Launcher Type: SUN_STANDARD

Environment Variables:
CLASSPATH=.;C:\Program Files\Java\jre7\lib\ext\QTJava.zip
PATH=C:/Program Files/Java/jre7/bin/client;C:/Program Files/Java/jre7/bin;C:/Program Files/Java/jre7/lib/i386;C:\Windows\system32;C:\Windows;C:\Windows\System32\Wbem;C:\Program Files\WIDCOMM\Bluetooth Software\;C:\Program Files\Citrix\system32\;C:\Program Files\QuickTime\QTSystem\;C:\Users\etkvadi\Downloads\eclipse;
USERNAME=ETKVADI
OS=Windows_NT
PROCESSOR_IDENTIFIER=x86 Family 6 Model 37 Stepping 5, GenuineIntel



---------------  S Y S T E M  ---------------

OS: Windows Vista Build 6002 Service Pack 2

CPU:total 4 (2 cores per cpu, 2 threads per core) family 6 model 37 stepping 5, cmov, cx8, fxsr, mmx, sse, sse2, sse3, ssse3, sse4.1, sse4.2, popcnt, ht

Memory: 4k page, physical 1948204k(164728k free), swap 5242236k(863812k free)

vm_info: Java HotSpot(TM) Client VM (20.2-b06) for windows-x86 JRE (1.6.0_27-b07), built on Jul 19 2011 01:04:42 by "java_re" with MS VC++ 7.1 (VS2003)

time: Thu Dec 27 19:28:54 2012
elapsed time: 0 seconds

